{"/Users/nehasharma/Desktop/Projects/reactpro/my-app/src/index.js": {"path":"/Users/nehasharma/Desktop/Projects/reactpro/my-app/src/index.js","statementMap":{"0":{"start":{"line":5,"column":0},"end":{"line":5,"column":58}}},"fnMap":{},"branchMap":{},"s":{"0":0},"f":{},"b":{},"hash":"016d193d2e18e199bfe8f1c28b4014041313f5a1"}
,"/Users/nehasharma/Desktop/Projects/reactpro/my-app/src/components/App/App.js": {"path":"/Users/nehasharma/Desktop/Projects/reactpro/my-app/src/components/App/App.js","statementMap":{"0":{"start":{"line":7,"column":34},"end":{"line":7,"column":44}},"1":{"start":{"line":9,"column":2},"end":{"line":14,"column":4}}},"fnMap":{"0":{"name":"App","decl":{"start":{"line":6,"column":9},"end":{"line":6,"column":12}},"loc":{"start":{"line":6,"column":15},"end":{"line":15,"column":1}},"line":6}},"branchMap":{},"s":{"0":2,"1":2},"f":{"0":2},"b":{},"_coverageSchema":"43e27e138ebf9cfc5966b082cf9a028302ed4184","hash":"babfba4d9a18b0867e59b21a314e19c5d9349350"}
,"/Users/nehasharma/Desktop/Projects/reactpro/my-app/src/components/Button/Button.js": {"path":"/Users/nehasharma/Desktop/Projects/reactpro/my-app/src/components/Button/Button.js","statementMap":{"0":{"start":{"line":4,"column":15},"end":{"line":6,"column":1}},"1":{"start":{"line":5,"column":2},"end":{"line":5,"column":64}},"2":{"start":{"line":8,"column":0},"end":{"line":10,"column":2}},"3":{"start":{"line":12,"column":0},"end":{"line":14,"column":2}}},"fnMap":{"0":{"name":"(anonymous_0)","decl":{"start":{"line":4,"column":15},"end":{"line":4,"column":16}},"loc":{"start":{"line":4,"column":24},"end":{"line":6,"column":1}},"line":4}},"branchMap":{},"s":{"0":1,"1":3,"2":1,"3":1},"f":{"0":3},"b":{},"_coverageSchema":"43e27e138ebf9cfc5966b082cf9a028302ed4184","hash":"e9b63e223479e8d49dedcf47d69042e8da6618da"}
,"/Users/nehasharma/Desktop/Projects/reactpro/my-app/src/components/Fileupload/FileUpload.js": {"path":"/Users/nehasharma/Desktop/Projects/reactpro/my-app/src/components/Fileupload/FileUpload.js","statementMap":{"0":{"start":{"line":4,"column":19},"end":{"line":18,"column":1}},"1":{"start":{"line":5,"column":2},"end":{"line":17,"column":4}},"2":{"start":{"line":12,"column":12},"end":{"line":12,"column":71}},"3":{"start":{"line":20,"column":0},"end":{"line":22,"column":2}}},"fnMap":{"0":{"name":"(anonymous_0)","decl":{"start":{"line":4,"column":19},"end":{"line":4,"column":20}},"loc":{"start":{"line":4,"column":28},"end":{"line":18,"column":1}},"line":4},"1":{"name":"(anonymous_1)","decl":{"start":{"line":11,"column":20},"end":{"line":11,"column":21}},"loc":{"start":{"line":11,"column":29},"end":{"line":13,"column":11}},"line":11}},"branchMap":{},"s":{"0":2,"1":5,"2":0,"3":2},"f":{"0":5,"1":0},"b":{},"_coverageSchema":"43e27e138ebf9cfc5966b082cf9a028302ed4184","hash":"1ebc8f1da8ae6457cdfc758709bfaeaa7c115458"}
,"/Users/nehasharma/Desktop/Projects/reactpro/my-app/src/components/Filters/Filters.js": {"path":"/Users/nehasharma/Desktop/Projects/reactpro/my-app/src/components/Filters/Filters.js","statementMap":{"0":{"start":{"line":4,"column":16},"end":{"line":49,"column":1}},"1":{"start":{"line":5,"column":2},"end":{"line":48,"column":4}},"2":{"start":{"line":10,"column":10},"end":{"line":10,"column":64}},"3":{"start":{"line":18,"column":10},"end":{"line":18,"column":64}},"4":{"start":{"line":26,"column":10},"end":{"line":26,"column":64}},"5":{"start":{"line":34,"column":10},"end":{"line":34,"column":64}},"6":{"start":{"line":42,"column":10},"end":{"line":42,"column":64}},"7":{"start":{"line":51,"column":0},"end":{"line":53,"column":2}}},"fnMap":{"0":{"name":"(anonymous_0)","decl":{"start":{"line":4,"column":16},"end":{"line":4,"column":17}},"loc":{"start":{"line":4,"column":25},"end":{"line":49,"column":1}},"line":4},"1":{"name":"(anonymous_1)","decl":{"start":{"line":9,"column":17},"end":{"line":9,"column":18}},"loc":{"start":{"line":9,"column":22},"end":{"line":11,"column":9}},"line":9},"2":{"name":"(anonymous_2)","decl":{"start":{"line":17,"column":17},"end":{"line":17,"column":18}},"loc":{"start":{"line":17,"column":22},"end":{"line":19,"column":9}},"line":17},"3":{"name":"(anonymous_3)","decl":{"start":{"line":25,"column":17},"end":{"line":25,"column":18}},"loc":{"start":{"line":25,"column":22},"end":{"line":27,"column":9}},"line":25},"4":{"name":"(anonymous_4)","decl":{"start":{"line":33,"column":17},"end":{"line":33,"column":18}},"loc":{"start":{"line":33,"column":22},"end":{"line":35,"column":9}},"line":33},"5":{"name":"(anonymous_5)","decl":{"start":{"line":41,"column":17},"end":{"line":41,"column":18}},"loc":{"start":{"line":41,"column":22},"end":{"line":43,"column":9}},"line":41}},"branchMap":{},"s":{"0":3,"1":4,"2":0,"3":0,"4":0,"5":0,"6":0,"7":3},"f":{"0":4,"1":0,"2":0,"3":0,"4":0,"5":0},"b":{},"_coverageSchema":"43e27e138ebf9cfc5966b082cf9a028302ed4184","hash":"e30db69ff883b79088d58c993908002cf518e554"}
,"/Users/nehasharma/Desktop/Projects/reactpro/my-app/src/components/Image/Image.js": {"path":"/Users/nehasharma/Desktop/Projects/reactpro/my-app/src/components/Image/Image.js","statementMap":{"0":{"start":{"line":5,"column":14},"end":{"line":33,"column":1}},"1":{"start":{"line":6,"column":32},"end":{"line":6,"column":44}},"2":{"start":{"line":7,"column":18},"end":{"line":7,"column":31}},"3":{"start":{"line":10,"column":19},"end":{"line":10,"column":45}},"4":{"start":{"line":11,"column":4},"end":{"line":22,"column":5}},"5":{"start":{"line":12,"column":6},"end":{"line":16,"column":7}},"6":{"start":{"line":13,"column":8},"end":{"line":13,"column":33}},"7":{"start":{"line":15,"column":8},"end":{"line":15,"column":32}},"8":{"start":{"line":18,"column":6},"end":{"line":18,"column":27}},"9":{"start":{"line":20,"column":6},"end":{"line":20,"column":20}},"10":{"start":{"line":21,"column":6},"end":{"line":21,"column":27}},"11":{"start":{"line":25,"column":2},"end":{"line":32,"column":4}},"12":{"start":{"line":35,"column":0},"end":{"line":37,"column":2}}},"fnMap":{"0":{"name":"(anonymous_0)","decl":{"start":{"line":5,"column":14},"end":{"line":5,"column":15}},"loc":{"start":{"line":5,"column":23},"end":{"line":33,"column":1}},"line":5},"1":{"name":"setFilter","decl":{"start":{"line":9,"column":11},"end":{"line":9,"column":20}},"loc":{"start":{"line":9,"column":32},"end":{"line":23,"column":3}},"line":9}},"branchMap":{"0":{"loc":{"start":{"line":11,"column":4},"end":{"line":22,"column":5}},"type":"if","locations":[{"start":{"line":11,"column":4},"end":{"line":22,"column":5}},{"start":{"line":11,"column":4},"end":{"line":22,"column":5}}],"line":11},"1":{"loc":{"start":{"line":12,"column":6},"end":{"line":16,"column":7}},"type":"if","locations":[{"start":{"line":12,"column":6},"end":{"line":16,"column":7}},{"start":{"line":12,"column":6},"end":{"line":16,"column":7}}],"line":12},"2":{"loc":{"start":{"line":30,"column":7},"end":{"line":30,"column":62}},"type":"binary-expr","locations":[{"start":{"line":30,"column":7},"end":{"line":30,"column":14}},{"start":{"line":30,"column":18},"end":{"line":30,"column":62}}],"line":30}},"s":{"0":2,"1":4,"2":4,"3":0,"4":0,"5":0,"6":0,"7":0,"8":0,"9":0,"10":0,"11":4,"12":2},"f":{"0":4,"1":0},"b":{"0":[0,0],"1":[0,0],"2":[4,0]},"_coverageSchema":"43e27e138ebf9cfc5966b082cf9a028302ed4184","hash":"eb1577ada2afeee1a8fb9f5f5905f4ca9cb2470e"}
}
